{"timestamp":"2025-12-18T10:10:23.586302Z","level":"info","event":"Filling up the DagBag from /opt/airflow/dags/etl_native.py","logger":"airflow.models.dagbag.DagBag","filename":"dagbag.py","lineno":593}
{"timestamp":"2025-12-18T10:10:23.589930Z","level":"error","event":"Failed to import: /opt/airflow/dags/etl_native.py","logger":"airflow.models.dagbag.DagBag","filename":"dagbag.py","lineno":415,"error_detail":[{"exc_type":"TypeError","exc_value":"DAG.__init__() got an unexpected keyword argument 'schedule_interval'","exc_notes":[],"syntax_error":null,"is_cause":false,"frames":[{"filename":"/home/airflow/.local/lib/python3.12/site-packages/airflow/models/dagbag.py","lineno":405,"name":"parse"},{"filename":"<frozen importlib._bootstrap_external>","lineno":999,"name":"exec_module"},{"filename":"<frozen importlib._bootstrap>","lineno":488,"name":"_call_with_frames_removed"},{"filename":"/opt/airflow/dags/etl_native.py","lineno":38,"name":"<module>"}],"is_group":false,"exceptions":[]}]}
{"timestamp":"2025-12-18T10:10:23.591042Z","level":"warning","event":"The `airflow.operators.bash.BashOperator` attribute is deprecated. Please use `'airflow.providers.standard.operators.bash.BashOperator'`.","category":"DeprecatedImportWarning","filename":"/opt/airflow/dags/etl_native.py","lineno":19,"logger":"py.warnings"}
{"timestamp":"2025-12-18T10:10:23.591136Z","level":"warning","event":"The `airflow.operators.python.PythonOperator` attribute is deprecated. Please use `'airflow.providers.standard.operators.python.PythonOperator'`.","category":"DeprecatedImportWarning","filename":"/opt/airflow/dags/etl_native.py","lineno":20,"logger":"py.warnings"}
{"timestamp":"2025-12-18T10:10:53.703804Z","level":"info","event":"Filling up the DagBag from /opt/airflow/dags/etl_native.py","logger":"airflow.models.dagbag.DagBag","filename":"dagbag.py","lineno":593}
{"timestamp":"2025-12-18T10:10:53.705498Z","level":"error","event":"Failed to import: /opt/airflow/dags/etl_native.py","logger":"airflow.models.dagbag.DagBag","filename":"dagbag.py","lineno":415,"error_detail":[{"exc_type":"TypeError","exc_value":"DAG.__init__() got an unexpected keyword argument 'schedule_interval'","exc_notes":[],"syntax_error":null,"is_cause":false,"frames":[{"filename":"/home/airflow/.local/lib/python3.12/site-packages/airflow/models/dagbag.py","lineno":405,"name":"parse"},{"filename":"<frozen importlib._bootstrap_external>","lineno":999,"name":"exec_module"},{"filename":"<frozen importlib._bootstrap>","lineno":488,"name":"_call_with_frames_removed"},{"filename":"/opt/airflow/dags/etl_native.py","lineno":38,"name":"<module>"}],"is_group":false,"exceptions":[]}]}
{"timestamp":"2025-12-18T10:10:53.706557Z","level":"warning","event":"The `airflow.operators.bash.BashOperator` attribute is deprecated. Please use `'airflow.providers.standard.operators.bash.BashOperator'`.","category":"DeprecatedImportWarning","filename":"/opt/airflow/dags/etl_native.py","lineno":19,"logger":"py.warnings"}
{"timestamp":"2025-12-18T10:10:53.706658Z","level":"warning","event":"The `airflow.operators.python.PythonOperator` attribute is deprecated. Please use `'airflow.providers.standard.operators.python.PythonOperator'`.","category":"DeprecatedImportWarning","filename":"/opt/airflow/dags/etl_native.py","lineno":20,"logger":"py.warnings"}
{"timestamp":"2025-12-18T10:11:24.333123Z","level":"info","event":"Filling up the DagBag from /opt/airflow/dags/etl_native.py","logger":"airflow.models.dagbag.DagBag","filename":"dagbag.py","lineno":593}
{"timestamp":"2025-12-18T10:11:24.335301Z","level":"error","event":"Failed to import: /opt/airflow/dags/etl_native.py","logger":"airflow.models.dagbag.DagBag","filename":"dagbag.py","lineno":415,"error_detail":[{"exc_type":"TypeError","exc_value":"DAG.__init__() got an unexpected keyword argument 'schedule_interval'","exc_notes":[],"syntax_error":null,"is_cause":false,"frames":[{"filename":"/home/airflow/.local/lib/python3.12/site-packages/airflow/models/dagbag.py","lineno":405,"name":"parse"},{"filename":"<frozen importlib._bootstrap_external>","lineno":999,"name":"exec_module"},{"filename":"<frozen importlib._bootstrap>","lineno":488,"name":"_call_with_frames_removed"},{"filename":"/opt/airflow/dags/etl_native.py","lineno":38,"name":"<module>"}],"is_group":false,"exceptions":[]}]}
{"timestamp":"2025-12-18T10:11:24.337256Z","level":"warning","event":"The `airflow.operators.bash.BashOperator` attribute is deprecated. Please use `'airflow.providers.standard.operators.bash.BashOperator'`.","category":"DeprecatedImportWarning","filename":"/opt/airflow/dags/etl_native.py","lineno":19,"logger":"py.warnings"}
{"timestamp":"2025-12-18T10:11:24.337389Z","level":"warning","event":"The `airflow.operators.python.PythonOperator` attribute is deprecated. Please use `'airflow.providers.standard.operators.python.PythonOperator'`.","category":"DeprecatedImportWarning","filename":"/opt/airflow/dags/etl_native.py","lineno":20,"logger":"py.warnings"}
{"timestamp":"2025-12-18T10:11:54.549484Z","level":"info","event":"Filling up the DagBag from /opt/airflow/dags/etl_native.py","logger":"airflow.models.dagbag.DagBag","filename":"dagbag.py","lineno":593}
{"timestamp":"2025-12-18T10:11:54.552108Z","level":"error","event":"Failed to import: /opt/airflow/dags/etl_native.py","logger":"airflow.models.dagbag.DagBag","filename":"dagbag.py","lineno":415,"error_detail":[{"exc_type":"TypeError","exc_value":"DAG.__init__() got an unexpected keyword argument 'schedule_interval'","exc_notes":[],"syntax_error":null,"is_cause":false,"frames":[{"filename":"/home/airflow/.local/lib/python3.12/site-packages/airflow/models/dagbag.py","lineno":405,"name":"parse"},{"filename":"<frozen importlib._bootstrap_external>","lineno":999,"name":"exec_module"},{"filename":"<frozen importlib._bootstrap>","lineno":488,"name":"_call_with_frames_removed"},{"filename":"/opt/airflow/dags/etl_native.py","lineno":38,"name":"<module>"}],"is_group":false,"exceptions":[]}]}
{"timestamp":"2025-12-18T10:11:54.553772Z","level":"warning","event":"The `airflow.operators.bash.BashOperator` attribute is deprecated. Please use `'airflow.providers.standard.operators.bash.BashOperator'`.","category":"DeprecatedImportWarning","filename":"/opt/airflow/dags/etl_native.py","lineno":19,"logger":"py.warnings"}
{"timestamp":"2025-12-18T10:11:54.553940Z","level":"warning","event":"The `airflow.operators.python.PythonOperator` attribute is deprecated. Please use `'airflow.providers.standard.operators.python.PythonOperator'`.","category":"DeprecatedImportWarning","filename":"/opt/airflow/dags/etl_native.py","lineno":20,"logger":"py.warnings"}
{"timestamp":"2025-12-18T10:12:24.667324Z","level":"info","event":"Filling up the DagBag from /opt/airflow/dags/etl_native.py","logger":"airflow.models.dagbag.DagBag","filename":"dagbag.py","lineno":593}
{"timestamp":"2025-12-18T10:12:24.669067Z","level":"error","event":"Failed to import: /opt/airflow/dags/etl_native.py","logger":"airflow.models.dagbag.DagBag","filename":"dagbag.py","lineno":415,"error_detail":[{"exc_type":"TypeError","exc_value":"DAG.__init__() got an unexpected keyword argument 'schedule_interval'","exc_notes":[],"syntax_error":null,"is_cause":false,"frames":[{"filename":"/home/airflow/.local/lib/python3.12/site-packages/airflow/models/dagbag.py","lineno":405,"name":"parse"},{"filename":"<frozen importlib._bootstrap_external>","lineno":999,"name":"exec_module"},{"filename":"<frozen importlib._bootstrap>","lineno":488,"name":"_call_with_frames_removed"},{"filename":"/opt/airflow/dags/etl_native.py","lineno":38,"name":"<module>"}],"is_group":false,"exceptions":[]}]}
{"timestamp":"2025-12-18T10:12:24.670032Z","level":"warning","event":"The `airflow.operators.bash.BashOperator` attribute is deprecated. Please use `'airflow.providers.standard.operators.bash.BashOperator'`.","category":"DeprecatedImportWarning","filename":"/opt/airflow/dags/etl_native.py","lineno":19,"logger":"py.warnings"}
{"timestamp":"2025-12-18T10:12:24.670119Z","level":"warning","event":"The `airflow.operators.python.PythonOperator` attribute is deprecated. Please use `'airflow.providers.standard.operators.python.PythonOperator'`.","category":"DeprecatedImportWarning","filename":"/opt/airflow/dags/etl_native.py","lineno":20,"logger":"py.warnings"}
{"timestamp":"2025-12-18T10:12:46.171624Z","level":"info","event":"Filling up the DagBag from /opt/airflow/dags/etl_native.py","logger":"airflow.models.dagbag.DagBag","filename":"dagbag.py","lineno":593}
{"timestamp":"2025-12-18T10:12:46.271232Z","level":"info","event":"Filling up the DagBag from /opt/airflow/dags/etl_native.py","logger":"airflow.models.dagbag.DagBag","filename":"dagbag.py","lineno":593}
{"timestamp":"2025-12-18T10:12:46.352796Z","level":"info","event":"Filling up the DagBag from /opt/airflow/dags/etl_native.py","logger":"airflow.models.dagbag.DagBag","filename":"dagbag.py","lineno":593}
{"timestamp":"2025-12-18T10:12:46.436438Z","level":"info","event":"Filling up the DagBag from /opt/airflow/dags/etl_native.py","logger":"airflow.models.dagbag.DagBag","filename":"dagbag.py","lineno":593}
{"timestamp":"2025-12-18T10:12:46.518918Z","level":"info","event":"Filling up the DagBag from /opt/airflow/dags/etl_native.py","logger":"airflow.models.dagbag.DagBag","filename":"dagbag.py","lineno":593}
{"timestamp":"2025-12-18T10:12:46.589229Z","level":"info","event":"Filling up the DagBag from /opt/airflow/dags/etl_native.py","logger":"airflow.models.dagbag.DagBag","filename":"dagbag.py","lineno":593}
{"timestamp":"2025-12-18T10:12:46.670688Z","level":"info","event":"Filling up the DagBag from /opt/airflow/dags/etl_native.py","logger":"airflow.models.dagbag.DagBag","filename":"dagbag.py","lineno":593}
{"timestamp":"2025-12-18T10:12:46.739992Z","level":"info","event":"Filling up the DagBag from /opt/airflow/dags/etl_native.py","logger":"airflow.models.dagbag.DagBag","filename":"dagbag.py","lineno":593}
{"timestamp":"2025-12-18T10:12:46.822577Z","level":"info","event":"Filling up the DagBag from /opt/airflow/dags/etl_native.py","logger":"airflow.models.dagbag.DagBag","filename":"dagbag.py","lineno":593}
{"timestamp":"2025-12-18T10:12:50.931445Z","level":"info","event":"Filling up the DagBag from /opt/airflow/dags/etl_native.py","logger":"airflow.models.dagbag.DagBag","filename":"dagbag.py","lineno":593}
{"timestamp":"2025-12-18T10:12:51.068848Z","level":"info","event":"Filling up the DagBag from /opt/airflow/dags/etl_native.py","logger":"airflow.models.dagbag.DagBag","filename":"dagbag.py","lineno":593}
{"timestamp":"2025-12-18T10:12:51.172156Z","level":"info","event":"Filling up the DagBag from /opt/airflow/dags/etl_native.py","logger":"airflow.models.dagbag.DagBag","filename":"dagbag.py","lineno":593}
{"timestamp":"2025-12-18T10:12:51.261063Z","level":"info","event":"Filling up the DagBag from /opt/airflow/dags/etl_native.py","logger":"airflow.models.dagbag.DagBag","filename":"dagbag.py","lineno":593}
{"timestamp":"2025-12-18T10:12:51.337690Z","level":"info","event":"Filling up the DagBag from /opt/airflow/dags/etl_native.py","logger":"airflow.models.dagbag.DagBag","filename":"dagbag.py","lineno":593}
{"timestamp":"2025-12-18T10:12:51.418787Z","level":"info","event":"Filling up the DagBag from /opt/airflow/dags/etl_native.py","logger":"airflow.models.dagbag.DagBag","filename":"dagbag.py","lineno":593}
{"timestamp":"2025-12-18T10:12:51.496993Z","level":"info","event":"Filling up the DagBag from /opt/airflow/dags/etl_native.py","logger":"airflow.models.dagbag.DagBag","filename":"dagbag.py","lineno":593}
{"timestamp":"2025-12-18T10:12:51.589247Z","level":"info","event":"Filling up the DagBag from /opt/airflow/dags/etl_native.py","logger":"airflow.models.dagbag.DagBag","filename":"dagbag.py","lineno":593}
{"timestamp":"2025-12-18T10:12:51.688739Z","level":"info","event":"Filling up the DagBag from /opt/airflow/dags/etl_native.py","logger":"airflow.models.dagbag.DagBag","filename":"dagbag.py","lineno":593}
{"timestamp":"2025-12-18T10:12:51.776289Z","level":"info","event":"Filling up the DagBag from /opt/airflow/dags/etl_native.py","logger":"airflow.models.dagbag.DagBag","filename":"dagbag.py","lineno":593}
{"timestamp":"2025-12-18T10:12:52.359250Z","level":"info","event":"Filling up the DagBag from /opt/airflow/dags/etl_native.py","logger":"airflow.models.dagbag.DagBag","filename":"dagbag.py","lineno":593}
{"timestamp":"2025-12-18T10:12:52.447453Z","level":"info","event":"Filling up the DagBag from /opt/airflow/dags/etl_native.py","logger":"airflow.models.dagbag.DagBag","filename":"dagbag.py","lineno":593}
{"timestamp":"2025-12-18T10:12:52.520530Z","level":"info","event":"Filling up the DagBag from /opt/airflow/dags/etl_native.py","logger":"airflow.models.dagbag.DagBag","filename":"dagbag.py","lineno":593}
{"timestamp":"2025-12-18T10:12:52.602445Z","level":"info","event":"Filling up the DagBag from /opt/airflow/dags/etl_native.py","logger":"airflow.models.dagbag.DagBag","filename":"dagbag.py","lineno":593}
{"timestamp":"2025-12-18T10:12:52.671895Z","level":"info","event":"Filling up the DagBag from /opt/airflow/dags/etl_native.py","logger":"airflow.models.dagbag.DagBag","filename":"dagbag.py","lineno":593}
{"timestamp":"2025-12-18T10:12:52.748029Z","level":"info","event":"Filling up the DagBag from /opt/airflow/dags/etl_native.py","logger":"airflow.models.dagbag.DagBag","filename":"dagbag.py","lineno":593}
{"timestamp":"2025-12-18T10:12:53.362188Z","level":"info","event":"Filling up the DagBag from /opt/airflow/dags/etl_native.py","logger":"airflow.models.dagbag.DagBag","filename":"dagbag.py","lineno":593}
{"timestamp":"2025-12-18T10:12:53.447873Z","level":"info","event":"Filling up the DagBag from /opt/airflow/dags/etl_native.py","logger":"airflow.models.dagbag.DagBag","filename":"dagbag.py","lineno":593}
{"timestamp":"2025-12-18T10:12:53.523187Z","level":"info","event":"Filling up the DagBag from /opt/airflow/dags/etl_native.py","logger":"airflow.models.dagbag.DagBag","filename":"dagbag.py","lineno":593}
{"timestamp":"2025-12-18T10:12:53.598130Z","level":"info","event":"Filling up the DagBag from /opt/airflow/dags/etl_native.py","logger":"airflow.models.dagbag.DagBag","filename":"dagbag.py","lineno":593}
{"timestamp":"2025-12-18T10:12:53.683024Z","level":"info","event":"Filling up the DagBag from /opt/airflow/dags/etl_native.py","logger":"airflow.models.dagbag.DagBag","filename":"dagbag.py","lineno":593}
{"timestamp":"2025-12-18T10:12:53.757060Z","level":"info","event":"Filling up the DagBag from /opt/airflow/dags/etl_native.py","logger":"airflow.models.dagbag.DagBag","filename":"dagbag.py","lineno":593}
{"timestamp":"2025-12-18T10:12:54.774362Z","level":"info","event":"Filling up the DagBag from /opt/airflow/dags/etl_native.py","logger":"airflow.models.dagbag.DagBag","filename":"dagbag.py","lineno":593}
{"timestamp":"2025-12-18T10:12:54.858808Z","level":"info","event":"Filling up the DagBag from /opt/airflow/dags/etl_native.py","logger":"airflow.models.dagbag.DagBag","filename":"dagbag.py","lineno":593}
{"timestamp":"2025-12-18T10:12:54.926945Z","level":"info","event":"Filling up the DagBag from /opt/airflow/dags/etl_native.py","logger":"airflow.models.dagbag.DagBag","filename":"dagbag.py","lineno":593}
{"timestamp":"2025-12-18T10:12:55.008616Z","level":"info","event":"Filling up the DagBag from /opt/airflow/dags/etl_native.py","logger":"airflow.models.dagbag.DagBag","filename":"dagbag.py","lineno":593}
{"timestamp":"2025-12-18T10:12:55.086614Z","level":"info","event":"Filling up the DagBag from /opt/airflow/dags/etl_native.py","logger":"airflow.models.dagbag.DagBag","filename":"dagbag.py","lineno":593}
{"timestamp":"2025-12-18T10:12:55.150618Z","level":"info","event":"Filling up the DagBag from /opt/airflow/dags/etl_native.py","logger":"airflow.models.dagbag.DagBag","filename":"dagbag.py","lineno":593}
{"timestamp":"2025-12-18T10:12:55.800201Z","level":"info","event":"Filling up the DagBag from /opt/airflow/dags/etl_native.py","logger":"airflow.models.dagbag.DagBag","filename":"dagbag.py","lineno":593}
{"timestamp":"2025-12-18T10:12:55.893698Z","level":"info","event":"Filling up the DagBag from /opt/airflow/dags/etl_native.py","logger":"airflow.models.dagbag.DagBag","filename":"dagbag.py","lineno":593}
{"timestamp":"2025-12-18T10:12:55.983455Z","level":"info","event":"Filling up the DagBag from /opt/airflow/dags/etl_native.py","logger":"airflow.models.dagbag.DagBag","filename":"dagbag.py","lineno":593}
{"timestamp":"2025-12-18T10:12:56.083632Z","level":"info","event":"Filling up the DagBag from /opt/airflow/dags/etl_native.py","logger":"airflow.models.dagbag.DagBag","filename":"dagbag.py","lineno":593}
{"timestamp":"2025-12-18T10:12:56.147341Z","level":"info","event":"Filling up the DagBag from /opt/airflow/dags/etl_native.py","logger":"airflow.models.dagbag.DagBag","filename":"dagbag.py","lineno":593}
{"timestamp":"2025-12-18T10:12:56.211378Z","level":"info","event":"Filling up the DagBag from /opt/airflow/dags/etl_native.py","logger":"airflow.models.dagbag.DagBag","filename":"dagbag.py","lineno":593}
{"timestamp":"2025-12-18T10:12:56.799625Z","level":"info","event":"Filling up the DagBag from /opt/airflow/dags/etl_native.py","logger":"airflow.models.dagbag.DagBag","filename":"dagbag.py","lineno":593}
{"timestamp":"2025-12-18T10:12:56.868608Z","level":"info","event":"Filling up the DagBag from /opt/airflow/dags/etl_native.py","logger":"airflow.models.dagbag.DagBag","filename":"dagbag.py","lineno":593}
{"timestamp":"2025-12-18T10:12:56.962175Z","level":"info","event":"Filling up the DagBag from /opt/airflow/dags/etl_native.py","logger":"airflow.models.dagbag.DagBag","filename":"dagbag.py","lineno":593}
{"timestamp":"2025-12-18T10:12:57.048906Z","level":"info","event":"Filling up the DagBag from /opt/airflow/dags/etl_native.py","logger":"airflow.models.dagbag.DagBag","filename":"dagbag.py","lineno":593}
{"timestamp":"2025-12-18T10:12:57.130253Z","level":"info","event":"Filling up the DagBag from /opt/airflow/dags/etl_native.py","logger":"airflow.models.dagbag.DagBag","filename":"dagbag.py","lineno":593}
{"timestamp":"2025-12-18T10:12:57.204137Z","level":"info","event":"Filling up the DagBag from /opt/airflow/dags/etl_native.py","logger":"airflow.models.dagbag.DagBag","filename":"dagbag.py","lineno":593}
{"timestamp":"2025-12-18T10:12:57.563177Z","level":"info","event":"Filling up the DagBag from /opt/airflow/dags/etl_native.py","logger":"airflow.models.dagbag.DagBag","filename":"dagbag.py","lineno":593}
{"timestamp":"2025-12-18T10:12:57.630983Z","level":"info","event":"Filling up the DagBag from /opt/airflow/dags/etl_native.py","logger":"airflow.models.dagbag.DagBag","filename":"dagbag.py","lineno":593}
{"timestamp":"2025-12-18T10:12:57.696679Z","level":"info","event":"Filling up the DagBag from /opt/airflow/dags/etl_native.py","logger":"airflow.models.dagbag.DagBag","filename":"dagbag.py","lineno":593}
{"timestamp":"2025-12-18T10:12:57.762768Z","level":"info","event":"Filling up the DagBag from /opt/airflow/dags/etl_native.py","logger":"airflow.models.dagbag.DagBag","filename":"dagbag.py","lineno":593}
{"timestamp":"2025-12-18T10:12:57.835008Z","level":"info","event":"Filling up the DagBag from /opt/airflow/dags/etl_native.py","logger":"airflow.models.dagbag.DagBag","filename":"dagbag.py","lineno":593}
{"timestamp":"2025-12-18T10:12:57.901555Z","level":"info","event":"Filling up the DagBag from /opt/airflow/dags/etl_native.py","logger":"airflow.models.dagbag.DagBag","filename":"dagbag.py","lineno":593}
{"timestamp":"2025-12-18T10:12:58.370134Z","level":"info","event":"Filling up the DagBag from /opt/airflow/dags/etl_native.py","logger":"airflow.models.dagbag.DagBag","filename":"dagbag.py","lineno":593}
{"timestamp":"2025-12-18T10:12:58.447711Z","level":"info","event":"Filling up the DagBag from /opt/airflow/dags/etl_native.py","logger":"airflow.models.dagbag.DagBag","filename":"dagbag.py","lineno":593}
{"timestamp":"2025-12-18T10:12:58.512058Z","level":"info","event":"Filling up the DagBag from /opt/airflow/dags/etl_native.py","logger":"airflow.models.dagbag.DagBag","filename":"dagbag.py","lineno":593}
{"timestamp":"2025-12-18T10:12:58.581337Z","level":"info","event":"Filling up the DagBag from /opt/airflow/dags/etl_native.py","logger":"airflow.models.dagbag.DagBag","filename":"dagbag.py","lineno":593}
{"timestamp":"2025-12-18T10:12:58.656655Z","level":"info","event":"Filling up the DagBag from /opt/airflow/dags/etl_native.py","logger":"airflow.models.dagbag.DagBag","filename":"dagbag.py","lineno":593}
{"timestamp":"2025-12-18T10:12:58.724320Z","level":"info","event":"Filling up the DagBag from /opt/airflow/dags/etl_native.py","logger":"airflow.models.dagbag.DagBag","filename":"dagbag.py","lineno":593}
{"timestamp":"2025-12-18T10:12:58.906634Z","level":"info","event":"Filling up the DagBag from /opt/airflow/dags/etl_native.py","logger":"airflow.models.dagbag.DagBag","filename":"dagbag.py","lineno":593}
{"timestamp":"2025-12-18T10:12:58.984262Z","level":"info","event":"Filling up the DagBag from /opt/airflow/dags/etl_native.py","logger":"airflow.models.dagbag.DagBag","filename":"dagbag.py","lineno":593}
{"timestamp":"2025-12-18T10:12:59.063799Z","level":"info","event":"Filling up the DagBag from /opt/airflow/dags/etl_native.py","logger":"airflow.models.dagbag.DagBag","filename":"dagbag.py","lineno":593}
{"timestamp":"2025-12-18T10:12:59.161565Z","level":"info","event":"Filling up the DagBag from /opt/airflow/dags/etl_native.py","logger":"airflow.models.dagbag.DagBag","filename":"dagbag.py","lineno":593}
{"timestamp":"2025-12-18T10:12:59.250813Z","level":"info","event":"Filling up the DagBag from /opt/airflow/dags/etl_native.py","logger":"airflow.models.dagbag.DagBag","filename":"dagbag.py","lineno":593}
{"timestamp":"2025-12-18T10:13:17.505183Z","level":"info","event":"Filling up the DagBag from /opt/airflow/dags/etl_native.py","logger":"airflow.models.dagbag.DagBag","filename":"dagbag.py","lineno":593}
{"timestamp":"2025-12-18T10:13:17.586508Z","level":"info","event":"Filling up the DagBag from /opt/airflow/dags/etl_native.py","logger":"airflow.models.dagbag.DagBag","filename":"dagbag.py","lineno":593}
{"timestamp":"2025-12-18T10:13:17.657175Z","level":"info","event":"Filling up the DagBag from /opt/airflow/dags/etl_native.py","logger":"airflow.models.dagbag.DagBag","filename":"dagbag.py","lineno":593}
{"timestamp":"2025-12-18T10:13:17.733105Z","level":"info","event":"Filling up the DagBag from /opt/airflow/dags/etl_native.py","logger":"airflow.models.dagbag.DagBag","filename":"dagbag.py","lineno":593}
{"timestamp":"2025-12-18T10:13:17.824081Z","level":"info","event":"Filling up the DagBag from /opt/airflow/dags/etl_native.py","logger":"airflow.models.dagbag.DagBag","filename":"dagbag.py","lineno":593}
{"timestamp":"2025-12-18T10:13:17.899732Z","level":"info","event":"Filling up the DagBag from /opt/airflow/dags/etl_native.py","logger":"airflow.models.dagbag.DagBag","filename":"dagbag.py","lineno":593}
{"timestamp":"2025-12-18T10:13:18.001159Z","level":"info","event":"Filling up the DagBag from /opt/airflow/dags/etl_native.py","logger":"airflow.models.dagbag.DagBag","filename":"dagbag.py","lineno":593}
{"timestamp":"2025-12-18T10:13:18.283186Z","level":"info","event":"Filling up the DagBag from /opt/airflow/dags/etl_native.py","logger":"airflow.models.dagbag.DagBag","filename":"dagbag.py","lineno":593}
{"timestamp":"2025-12-18T10:13:18.390374Z","level":"info","event":"Filling up the DagBag from /opt/airflow/dags/etl_native.py","logger":"airflow.models.dagbag.DagBag","filename":"dagbag.py","lineno":593}
{"timestamp":"2025-12-18T10:13:18.466038Z","level":"info","event":"Filling up the DagBag from /opt/airflow/dags/etl_native.py","logger":"airflow.models.dagbag.DagBag","filename":"dagbag.py","lineno":593}
{"timestamp":"2025-12-18T10:13:18.534031Z","level":"info","event":"Filling up the DagBag from /opt/airflow/dags/etl_native.py","logger":"airflow.models.dagbag.DagBag","filename":"dagbag.py","lineno":593}
{"timestamp":"2025-12-18T10:13:18.618743Z","level":"info","event":"Filling up the DagBag from /opt/airflow/dags/etl_native.py","logger":"airflow.models.dagbag.DagBag","filename":"dagbag.py","lineno":593}
{"timestamp":"2025-12-18T10:13:18.697454Z","level":"info","event":"Filling up the DagBag from /opt/airflow/dags/etl_native.py","logger":"airflow.models.dagbag.DagBag","filename":"dagbag.py","lineno":593}
{"timestamp":"2025-12-18T10:13:18.764400Z","level":"info","event":"Filling up the DagBag from /opt/airflow/dags/etl_native.py","logger":"airflow.models.dagbag.DagBag","filename":"dagbag.py","lineno":593}
{"timestamp":"2025-12-18T10:13:18.838991Z","level":"info","event":"Filling up the DagBag from /opt/airflow/dags/etl_native.py","logger":"airflow.models.dagbag.DagBag","filename":"dagbag.py","lineno":593}
{"timestamp":"2025-12-18T10:13:22.982580Z","level":"info","event":"Filling up the DagBag from /opt/airflow/dags/etl_native.py","logger":"airflow.models.dagbag.DagBag","filename":"dagbag.py","lineno":593}
{"timestamp":"2025-12-18T10:13:23.082655Z","level":"info","event":"Filling up the DagBag from /opt/airflow/dags/etl_native.py","logger":"airflow.models.dagbag.DagBag","filename":"dagbag.py","lineno":593}
{"timestamp":"2025-12-18T10:13:23.172392Z","level":"info","event":"Filling up the DagBag from /opt/airflow/dags/etl_native.py","logger":"airflow.models.dagbag.DagBag","filename":"dagbag.py","lineno":593}
{"timestamp":"2025-12-18T10:13:23.259311Z","level":"info","event":"Filling up the DagBag from /opt/airflow/dags/etl_native.py","logger":"airflow.models.dagbag.DagBag","filename":"dagbag.py","lineno":593}
{"timestamp":"2025-12-18T10:13:23.339120Z","level":"info","event":"Filling up the DagBag from /opt/airflow/dags/etl_native.py","logger":"airflow.models.dagbag.DagBag","filename":"dagbag.py","lineno":593}
{"timestamp":"2025-12-18T10:13:23.405786Z","level":"info","event":"Filling up the DagBag from /opt/airflow/dags/etl_native.py","logger":"airflow.models.dagbag.DagBag","filename":"dagbag.py","lineno":593}
{"timestamp":"2025-12-18T10:13:23.469092Z","level":"info","event":"Filling up the DagBag from /opt/airflow/dags/etl_native.py","logger":"airflow.models.dagbag.DagBag","filename":"dagbag.py","lineno":593}
{"timestamp":"2025-12-18T10:13:23.537315Z","level":"info","event":"Filling up the DagBag from /opt/airflow/dags/etl_native.py","logger":"airflow.models.dagbag.DagBag","filename":"dagbag.py","lineno":593}
{"timestamp":"2025-12-18T10:13:23.603042Z","level":"info","event":"Filling up the DagBag from /opt/airflow/dags/etl_native.py","logger":"airflow.models.dagbag.DagBag","filename":"dagbag.py","lineno":593}
{"timestamp":"2025-12-18T10:13:23.881132Z","level":"info","event":"Filling up the DagBag from /opt/airflow/dags/etl_native.py","logger":"airflow.models.dagbag.DagBag","filename":"dagbag.py","lineno":593}
{"timestamp":"2025-12-18T10:13:23.947492Z","level":"info","event":"Filling up the DagBag from /opt/airflow/dags/etl_native.py","logger":"airflow.models.dagbag.DagBag","filename":"dagbag.py","lineno":593}
{"timestamp":"2025-12-18T10:13:24.013142Z","level":"info","event":"Filling up the DagBag from /opt/airflow/dags/etl_native.py","logger":"airflow.models.dagbag.DagBag","filename":"dagbag.py","lineno":593}
{"timestamp":"2025-12-18T10:13:24.101207Z","level":"info","event":"Filling up the DagBag from /opt/airflow/dags/etl_native.py","logger":"airflow.models.dagbag.DagBag","filename":"dagbag.py","lineno":593}
{"timestamp":"2025-12-18T10:13:24.180562Z","level":"info","event":"Filling up the DagBag from /opt/airflow/dags/etl_native.py","logger":"airflow.models.dagbag.DagBag","filename":"dagbag.py","lineno":593}
{"timestamp":"2025-12-18T10:13:24.240521Z","level":"info","event":"Filling up the DagBag from /opt/airflow/dags/etl_native.py","logger":"airflow.models.dagbag.DagBag","filename":"dagbag.py","lineno":593}
{"timestamp":"2025-12-18T10:13:24.299697Z","level":"info","event":"Filling up the DagBag from /opt/airflow/dags/etl_native.py","logger":"airflow.models.dagbag.DagBag","filename":"dagbag.py","lineno":593}
{"timestamp":"2025-12-18T10:13:24.796172Z","level":"info","event":"Filling up the DagBag from /opt/airflow/dags/etl_native.py","logger":"airflow.models.dagbag.DagBag","filename":"dagbag.py","lineno":593}
{"timestamp":"2025-12-18T10:13:24.859986Z","level":"info","event":"Filling up the DagBag from /opt/airflow/dags/etl_native.py","logger":"airflow.models.dagbag.DagBag","filename":"dagbag.py","lineno":593}
{"timestamp":"2025-12-18T10:13:24.932884Z","level":"info","event":"Filling up the DagBag from /opt/airflow/dags/etl_native.py","logger":"airflow.models.dagbag.DagBag","filename":"dagbag.py","lineno":593}
{"timestamp":"2025-12-18T10:13:25.002807Z","level":"info","event":"Filling up the DagBag from /opt/airflow/dags/etl_native.py","logger":"airflow.models.dagbag.DagBag","filename":"dagbag.py","lineno":593}
{"timestamp":"2025-12-18T10:13:25.074253Z","level":"info","event":"Filling up the DagBag from /opt/airflow/dags/etl_native.py","logger":"airflow.models.dagbag.DagBag","filename":"dagbag.py","lineno":593}
{"timestamp":"2025-12-18T10:13:25.145885Z","level":"info","event":"Filling up the DagBag from /opt/airflow/dags/etl_native.py","logger":"airflow.models.dagbag.DagBag","filename":"dagbag.py","lineno":593}
{"timestamp":"2025-12-18T10:13:25.957934Z","level":"info","event":"Filling up the DagBag from /opt/airflow/dags/etl_native.py","logger":"airflow.models.dagbag.DagBag","filename":"dagbag.py","lineno":593}
{"timestamp":"2025-12-18T10:13:26.036603Z","level":"info","event":"Filling up the DagBag from /opt/airflow/dags/etl_native.py","logger":"airflow.models.dagbag.DagBag","filename":"dagbag.py","lineno":593}
{"timestamp":"2025-12-18T10:13:26.099302Z","level":"info","event":"Filling up the DagBag from /opt/airflow/dags/etl_native.py","logger":"airflow.models.dagbag.DagBag","filename":"dagbag.py","lineno":593}
{"timestamp":"2025-12-18T10:13:26.160501Z","level":"info","event":"Filling up the DagBag from /opt/airflow/dags/etl_native.py","logger":"airflow.models.dagbag.DagBag","filename":"dagbag.py","lineno":593}
{"timestamp":"2025-12-18T10:13:26.221427Z","level":"info","event":"Filling up the DagBag from /opt/airflow/dags/etl_native.py","logger":"airflow.models.dagbag.DagBag","filename":"dagbag.py","lineno":593}
{"timestamp":"2025-12-18T10:13:26.877179Z","level":"info","event":"Filling up the DagBag from /opt/airflow/dags/etl_native.py","logger":"airflow.models.dagbag.DagBag","filename":"dagbag.py","lineno":593}
{"timestamp":"2025-12-18T10:13:26.954423Z","level":"info","event":"Filling up the DagBag from /opt/airflow/dags/etl_native.py","logger":"airflow.models.dagbag.DagBag","filename":"dagbag.py","lineno":593}
{"timestamp":"2025-12-18T10:13:27.037477Z","level":"info","event":"Filling up the DagBag from /opt/airflow/dags/etl_native.py","logger":"airflow.models.dagbag.DagBag","filename":"dagbag.py","lineno":593}
{"timestamp":"2025-12-18T10:13:27.102865Z","level":"info","event":"Filling up the DagBag from /opt/airflow/dags/etl_native.py","logger":"airflow.models.dagbag.DagBag","filename":"dagbag.py","lineno":593}
{"timestamp":"2025-12-18T10:13:27.165230Z","level":"info","event":"Filling up the DagBag from /opt/airflow/dags/etl_native.py","logger":"airflow.models.dagbag.DagBag","filename":"dagbag.py","lineno":593}
{"timestamp":"2025-12-18T10:13:27.226796Z","level":"info","event":"Filling up the DagBag from /opt/airflow/dags/etl_native.py","logger":"airflow.models.dagbag.DagBag","filename":"dagbag.py","lineno":593}
{"timestamp":"2025-12-18T10:13:27.787368Z","level":"info","event":"Filling up the DagBag from /opt/airflow/dags/etl_native.py","logger":"airflow.models.dagbag.DagBag","filename":"dagbag.py","lineno":593}
{"timestamp":"2025-12-18T10:13:27.863578Z","level":"info","event":"Filling up the DagBag from /opt/airflow/dags/etl_native.py","logger":"airflow.models.dagbag.DagBag","filename":"dagbag.py","lineno":593}
{"timestamp":"2025-12-18T10:13:27.942244Z","level":"info","event":"Filling up the DagBag from /opt/airflow/dags/etl_native.py","logger":"airflow.models.dagbag.DagBag","filename":"dagbag.py","lineno":593}
{"timestamp":"2025-12-18T10:13:28.013438Z","level":"info","event":"Filling up the DagBag from /opt/airflow/dags/etl_native.py","logger":"airflow.models.dagbag.DagBag","filename":"dagbag.py","lineno":593}
{"timestamp":"2025-12-18T10:13:28.076991Z","level":"info","event":"Filling up the DagBag from /opt/airflow/dags/etl_native.py","logger":"airflow.models.dagbag.DagBag","filename":"dagbag.py","lineno":593}
{"timestamp":"2025-12-18T10:13:28.136884Z","level":"info","event":"Filling up the DagBag from /opt/airflow/dags/etl_native.py","logger":"airflow.models.dagbag.DagBag","filename":"dagbag.py","lineno":593}
{"timestamp":"2025-12-18T10:13:28.209661Z","level":"info","event":"Filling up the DagBag from /opt/airflow/dags/etl_native.py","logger":"airflow.models.dagbag.DagBag","filename":"dagbag.py","lineno":593}
{"timestamp":"2025-12-18T10:13:28.269343Z","level":"info","event":"Filling up the DagBag from /opt/airflow/dags/etl_native.py","logger":"airflow.models.dagbag.DagBag","filename":"dagbag.py","lineno":593}
{"timestamp":"2025-12-18T10:13:28.330610Z","level":"info","event":"Filling up the DagBag from /opt/airflow/dags/etl_native.py","logger":"airflow.models.dagbag.DagBag","filename":"dagbag.py","lineno":593}
{"timestamp":"2025-12-18T10:13:28.693392Z","level":"info","event":"Filling up the DagBag from /opt/airflow/dags/etl_native.py","logger":"airflow.models.dagbag.DagBag","filename":"dagbag.py","lineno":593}
{"timestamp":"2025-12-18T10:13:28.780501Z","level":"info","event":"Filling up the DagBag from /opt/airflow/dags/etl_native.py","logger":"airflow.models.dagbag.DagBag","filename":"dagbag.py","lineno":593}
{"timestamp":"2025-12-18T10:13:28.845347Z","level":"info","event":"Filling up the DagBag from /opt/airflow/dags/etl_native.py","logger":"airflow.models.dagbag.DagBag","filename":"dagbag.py","lineno":593}
{"timestamp":"2025-12-18T10:13:28.916670Z","level":"info","event":"Filling up the DagBag from /opt/airflow/dags/etl_native.py","logger":"airflow.models.dagbag.DagBag","filename":"dagbag.py","lineno":593}
{"timestamp":"2025-12-18T10:13:28.989205Z","level":"info","event":"Filling up the DagBag from /opt/airflow/dags/etl_native.py","logger":"airflow.models.dagbag.DagBag","filename":"dagbag.py","lineno":593}
{"timestamp":"2025-12-18T10:13:29.052159Z","level":"info","event":"Filling up the DagBag from /opt/airflow/dags/etl_native.py","logger":"airflow.models.dagbag.DagBag","filename":"dagbag.py","lineno":593}
{"timestamp":"2025-12-18T10:13:29.120815Z","level":"info","event":"Filling up the DagBag from /opt/airflow/dags/etl_native.py","logger":"airflow.models.dagbag.DagBag","filename":"dagbag.py","lineno":593}
{"timestamp":"2025-12-18T10:13:29.504367Z","level":"info","event":"Filling up the DagBag from /opt/airflow/dags/etl_native.py","logger":"airflow.models.dagbag.DagBag","filename":"dagbag.py","lineno":593}
{"timestamp":"2025-12-18T10:13:29.574828Z","level":"info","event":"Filling up the DagBag from /opt/airflow/dags/etl_native.py","logger":"airflow.models.dagbag.DagBag","filename":"dagbag.py","lineno":593}
{"timestamp":"2025-12-18T10:13:29.636895Z","level":"info","event":"Filling up the DagBag from /opt/airflow/dags/etl_native.py","logger":"airflow.models.dagbag.DagBag","filename":"dagbag.py","lineno":593}
{"timestamp":"2025-12-18T10:13:29.699502Z","level":"info","event":"Filling up the DagBag from /opt/airflow/dags/etl_native.py","logger":"airflow.models.dagbag.DagBag","filename":"dagbag.py","lineno":593}
{"timestamp":"2025-12-18T10:13:29.770101Z","level":"info","event":"Filling up the DagBag from /opt/airflow/dags/etl_native.py","logger":"airflow.models.dagbag.DagBag","filename":"dagbag.py","lineno":593}
{"timestamp":"2025-12-18T10:13:29.829996Z","level":"info","event":"Filling up the DagBag from /opt/airflow/dags/etl_native.py","logger":"airflow.models.dagbag.DagBag","filename":"dagbag.py","lineno":593}
{"timestamp":"2025-12-18T10:13:30.010370Z","level":"info","event":"Filling up the DagBag from /opt/airflow/dags/etl_native.py","logger":"airflow.models.dagbag.DagBag","filename":"dagbag.py","lineno":593}
{"timestamp":"2025-12-18T10:13:30.093238Z","level":"info","event":"Filling up the DagBag from /opt/airflow/dags/etl_native.py","logger":"airflow.models.dagbag.DagBag","filename":"dagbag.py","lineno":593}
{"timestamp":"2025-12-18T10:13:30.153151Z","level":"info","event":"Filling up the DagBag from /opt/airflow/dags/etl_native.py","logger":"airflow.models.dagbag.DagBag","filename":"dagbag.py","lineno":593}
{"timestamp":"2025-12-18T10:13:30.222763Z","level":"info","event":"Filling up the DagBag from /opt/airflow/dags/etl_native.py","logger":"airflow.models.dagbag.DagBag","filename":"dagbag.py","lineno":593}
{"timestamp":"2025-12-18T10:13:30.285513Z","level":"info","event":"Filling up the DagBag from /opt/airflow/dags/etl_native.py","logger":"airflow.models.dagbag.DagBag","filename":"dagbag.py","lineno":593}
{"timestamp":"2025-12-18T10:13:30.357202Z","level":"info","event":"Filling up the DagBag from /opt/airflow/dags/etl_native.py","logger":"airflow.models.dagbag.DagBag","filename":"dagbag.py","lineno":593}
{"timestamp":"2025-12-18T10:13:30.416329Z","level":"info","event":"Filling up the DagBag from /opt/airflow/dags/etl_native.py","logger":"airflow.models.dagbag.DagBag","filename":"dagbag.py","lineno":593}
{"timestamp":"2025-12-18T10:13:30.487496Z","level":"info","event":"Filling up the DagBag from /opt/airflow/dags/etl_native.py","logger":"airflow.models.dagbag.DagBag","filename":"dagbag.py","lineno":593}
{"timestamp":"2025-12-18T10:13:31.102948Z","level":"info","event":"Filling up the DagBag from /opt/airflow/dags/etl_native.py","logger":"airflow.models.dagbag.DagBag","filename":"dagbag.py","lineno":593}
{"timestamp":"2025-12-18T10:13:31.172455Z","level":"info","event":"Filling up the DagBag from /opt/airflow/dags/etl_native.py","logger":"airflow.models.dagbag.DagBag","filename":"dagbag.py","lineno":593}
{"timestamp":"2025-12-18T10:13:31.260435Z","level":"info","event":"Filling up the DagBag from /opt/airflow/dags/etl_native.py","logger":"airflow.models.dagbag.DagBag","filename":"dagbag.py","lineno":593}
{"timestamp":"2025-12-18T10:13:31.332377Z","level":"info","event":"Filling up the DagBag from /opt/airflow/dags/etl_native.py","logger":"airflow.models.dagbag.DagBag","filename":"dagbag.py","lineno":593}
{"timestamp":"2025-12-18T10:13:31.394367Z","level":"info","event":"Filling up the DagBag from /opt/airflow/dags/etl_native.py","logger":"airflow.models.dagbag.DagBag","filename":"dagbag.py","lineno":593}
{"timestamp":"2025-12-18T10:13:31.457914Z","level":"info","event":"Filling up the DagBag from /opt/airflow/dags/etl_native.py","logger":"airflow.models.dagbag.DagBag","filename":"dagbag.py","lineno":593}
{"timestamp":"2025-12-18T10:13:49.320892Z","level":"info","event":"Filling up the DagBag from /opt/airflow/dags/etl_native.py","logger":"airflow.models.dagbag.DagBag","filename":"dagbag.py","lineno":593}
{"timestamp":"2025-12-18T10:13:49.430535Z","level":"info","event":"Filling up the DagBag from /opt/airflow/dags/etl_native.py","logger":"airflow.models.dagbag.DagBag","filename":"dagbag.py","lineno":593}
{"timestamp":"2025-12-18T10:13:49.511700Z","level":"info","event":"Filling up the DagBag from /opt/airflow/dags/etl_native.py","logger":"airflow.models.dagbag.DagBag","filename":"dagbag.py","lineno":593}
{"timestamp":"2025-12-18T10:13:49.593759Z","level":"info","event":"Filling up the DagBag from /opt/airflow/dags/etl_native.py","logger":"airflow.models.dagbag.DagBag","filename":"dagbag.py","lineno":593}
{"timestamp":"2025-12-18T10:13:49.660319Z","level":"info","event":"Filling up the DagBag from /opt/airflow/dags/etl_native.py","logger":"airflow.models.dagbag.DagBag","filename":"dagbag.py","lineno":593}
{"timestamp":"2025-12-18T10:13:49.741179Z","level":"info","event":"Filling up the DagBag from /opt/airflow/dags/etl_native.py","logger":"airflow.models.dagbag.DagBag","filename":"dagbag.py","lineno":593}
{"timestamp":"2025-12-18T10:13:49.814692Z","level":"info","event":"Filling up the DagBag from /opt/airflow/dags/etl_native.py","logger":"airflow.models.dagbag.DagBag","filename":"dagbag.py","lineno":593}
{"timestamp":"2025-12-18T10:13:49.884398Z","level":"info","event":"Filling up the DagBag from /opt/airflow/dags/etl_native.py","logger":"airflow.models.dagbag.DagBag","filename":"dagbag.py","lineno":593}
{"timestamp":"2025-12-18T10:13:49.975413Z","level":"info","event":"Filling up the DagBag from /opt/airflow/dags/etl_native.py","logger":"airflow.models.dagbag.DagBag","filename":"dagbag.py","lineno":593}
{"timestamp":"2025-12-18T10:13:50.061784Z","level":"info","event":"Filling up the DagBag from /opt/airflow/dags/etl_native.py","logger":"airflow.models.dagbag.DagBag","filename":"dagbag.py","lineno":593}
{"timestamp":"2025-12-18T10:13:50.148368Z","level":"info","event":"Filling up the DagBag from /opt/airflow/dags/etl_native.py","logger":"airflow.models.dagbag.DagBag","filename":"dagbag.py","lineno":593}
{"timestamp":"2025-12-18T10:13:54.776127Z","level":"info","event":"Filling up the DagBag from /opt/airflow/dags/etl_native.py","logger":"airflow.models.dagbag.DagBag","filename":"dagbag.py","lineno":593}
{"timestamp":"2025-12-18T10:13:54.865229Z","level":"info","event":"Filling up the DagBag from /opt/airflow/dags/etl_native.py","logger":"airflow.models.dagbag.DagBag","filename":"dagbag.py","lineno":593}
{"timestamp":"2025-12-18T10:13:54.960427Z","level":"info","event":"Filling up the DagBag from /opt/airflow/dags/etl_native.py","logger":"airflow.models.dagbag.DagBag","filename":"dagbag.py","lineno":593}
{"timestamp":"2025-12-18T10:13:55.051211Z","level":"info","event":"Filling up the DagBag from /opt/airflow/dags/etl_native.py","logger":"airflow.models.dagbag.DagBag","filename":"dagbag.py","lineno":593}
{"timestamp":"2025-12-18T10:13:55.126477Z","level":"info","event":"Filling up the DagBag from /opt/airflow/dags/etl_native.py","logger":"airflow.models.dagbag.DagBag","filename":"dagbag.py","lineno":593}
{"timestamp":"2025-12-18T10:13:55.194641Z","level":"info","event":"Filling up the DagBag from /opt/airflow/dags/etl_native.py","logger":"airflow.models.dagbag.DagBag","filename":"dagbag.py","lineno":593}
{"timestamp":"2025-12-18T10:13:55.267887Z","level":"info","event":"Filling up the DagBag from /opt/airflow/dags/etl_native.py","logger":"airflow.models.dagbag.DagBag","filename":"dagbag.py","lineno":593}
{"timestamp":"2025-12-18T10:13:55.495363Z","level":"info","event":"Filling up the DagBag from /opt/airflow/dags/etl_native.py","logger":"airflow.models.dagbag.DagBag","filename":"dagbag.py","lineno":593}
{"timestamp":"2025-12-18T10:13:55.599450Z","level":"info","event":"Filling up the DagBag from /opt/airflow/dags/etl_native.py","logger":"airflow.models.dagbag.DagBag","filename":"dagbag.py","lineno":593}
{"timestamp":"2025-12-18T10:13:55.684635Z","level":"info","event":"Filling up the DagBag from /opt/airflow/dags/etl_native.py","logger":"airflow.models.dagbag.DagBag","filename":"dagbag.py","lineno":593}
{"timestamp":"2025-12-18T10:13:55.769318Z","level":"info","event":"Filling up the DagBag from /opt/airflow/dags/etl_native.py","logger":"airflow.models.dagbag.DagBag","filename":"dagbag.py","lineno":593}
{"timestamp":"2025-12-18T10:13:55.844244Z","level":"info","event":"Filling up the DagBag from /opt/airflow/dags/etl_native.py","logger":"airflow.models.dagbag.DagBag","filename":"dagbag.py","lineno":593}
{"timestamp":"2025-12-18T10:13:55.907725Z","level":"info","event":"Filling up the DagBag from /opt/airflow/dags/etl_native.py","logger":"airflow.models.dagbag.DagBag","filename":"dagbag.py","lineno":593}
{"timestamp":"2025-12-18T10:13:55.978250Z","level":"info","event":"Filling up the DagBag from /opt/airflow/dags/etl_native.py","logger":"airflow.models.dagbag.DagBag","filename":"dagbag.py","lineno":593}
{"timestamp":"2025-12-18T10:13:56.040193Z","level":"info","event":"Filling up the DagBag from /opt/airflow/dags/etl_native.py","logger":"airflow.models.dagbag.DagBag","filename":"dagbag.py","lineno":593}
{"timestamp":"2025-12-18T10:13:56.106803Z","level":"info","event":"Filling up the DagBag from /opt/airflow/dags/etl_native.py","logger":"airflow.models.dagbag.DagBag","filename":"dagbag.py","lineno":593}
{"timestamp":"2025-12-18T10:13:56.173708Z","level":"info","event":"Filling up the DagBag from /opt/airflow/dags/etl_native.py","logger":"airflow.models.dagbag.DagBag","filename":"dagbag.py","lineno":593}
{"timestamp":"2025-12-18T10:13:56.252946Z","level":"info","event":"Filling up the DagBag from /opt/airflow/dags/etl_native.py","logger":"airflow.models.dagbag.DagBag","filename":"dagbag.py","lineno":593}
{"timestamp":"2025-12-18T10:13:56.328018Z","level":"info","event":"Filling up the DagBag from /opt/airflow/dags/etl_native.py","logger":"airflow.models.dagbag.DagBag","filename":"dagbag.py","lineno":593}
{"timestamp":"2025-12-18T10:13:56.679178Z","level":"info","event":"Filling up the DagBag from /opt/airflow/dags/etl_native.py","logger":"airflow.models.dagbag.DagBag","filename":"dagbag.py","lineno":593}
{"timestamp":"2025-12-18T10:13:56.761999Z","level":"info","event":"Filling up the DagBag from /opt/airflow/dags/etl_native.py","logger":"airflow.models.dagbag.DagBag","filename":"dagbag.py","lineno":593}
{"timestamp":"2025-12-18T10:13:56.824264Z","level":"info","event":"Filling up the DagBag from /opt/airflow/dags/etl_native.py","logger":"airflow.models.dagbag.DagBag","filename":"dagbag.py","lineno":593}
{"timestamp":"2025-12-18T10:13:56.894353Z","level":"info","event":"Filling up the DagBag from /opt/airflow/dags/etl_native.py","logger":"airflow.models.dagbag.DagBag","filename":"dagbag.py","lineno":593}
{"timestamp":"2025-12-18T10:13:56.980051Z","level":"info","event":"Filling up the DagBag from /opt/airflow/dags/etl_native.py","logger":"airflow.models.dagbag.DagBag","filename":"dagbag.py","lineno":593}
{"timestamp":"2025-12-18T10:13:57.058887Z","level":"info","event":"Filling up the DagBag from /opt/airflow/dags/etl_native.py","logger":"airflow.models.dagbag.DagBag","filename":"dagbag.py","lineno":593}
{"timestamp":"2025-12-18T10:13:58.024517Z","level":"info","event":"Filling up the DagBag from /opt/airflow/dags/etl_native.py","logger":"airflow.models.dagbag.DagBag","filename":"dagbag.py","lineno":593}
{"timestamp":"2025-12-18T10:13:58.103740Z","level":"info","event":"Filling up the DagBag from /opt/airflow/dags/etl_native.py","logger":"airflow.models.dagbag.DagBag","filename":"dagbag.py","lineno":593}
{"timestamp":"2025-12-18T10:13:58.165669Z","level":"info","event":"Filling up the DagBag from /opt/airflow/dags/etl_native.py","logger":"airflow.models.dagbag.DagBag","filename":"dagbag.py","lineno":593}
{"timestamp":"2025-12-18T10:13:58.226661Z","level":"info","event":"Filling up the DagBag from /opt/airflow/dags/etl_native.py","logger":"airflow.models.dagbag.DagBag","filename":"dagbag.py","lineno":593}
{"timestamp":"2025-12-18T10:13:58.306795Z","level":"info","event":"Filling up the DagBag from /opt/airflow/dags/etl_native.py","logger":"airflow.models.dagbag.DagBag","filename":"dagbag.py","lineno":593}
{"timestamp":"2025-12-18T10:13:59.315826Z","level":"info","event":"Filling up the DagBag from /opt/airflow/dags/etl_native.py","logger":"airflow.models.dagbag.DagBag","filename":"dagbag.py","lineno":593}
{"timestamp":"2025-12-18T10:13:59.400113Z","level":"info","event":"Filling up the DagBag from /opt/airflow/dags/etl_native.py","logger":"airflow.models.dagbag.DagBag","filename":"dagbag.py","lineno":593}
{"timestamp":"2025-12-18T10:13:59.469570Z","level":"info","event":"Filling up the DagBag from /opt/airflow/dags/etl_native.py","logger":"airflow.models.dagbag.DagBag","filename":"dagbag.py","lineno":593}
{"timestamp":"2025-12-18T10:13:59.553013Z","level":"info","event":"Filling up the DagBag from /opt/airflow/dags/etl_native.py","logger":"airflow.models.dagbag.DagBag","filename":"dagbag.py","lineno":593}
{"timestamp":"2025-12-18T10:13:59.626815Z","level":"info","event":"Filling up the DagBag from /opt/airflow/dags/etl_native.py","logger":"airflow.models.dagbag.DagBag","filename":"dagbag.py","lineno":593}
{"timestamp":"2025-12-18T10:13:59.700862Z","level":"info","event":"Filling up the DagBag from /opt/airflow/dags/etl_native.py","logger":"airflow.models.dagbag.DagBag","filename":"dagbag.py","lineno":593}
{"timestamp":"2025-12-18T10:13:59.783554Z","level":"info","event":"Filling up the DagBag from /opt/airflow/dags/etl_native.py","logger":"airflow.models.dagbag.DagBag","filename":"dagbag.py","lineno":593}
{"timestamp":"2025-12-18T10:13:59.855292Z","level":"info","event":"Filling up the DagBag from /opt/airflow/dags/etl_native.py","logger":"airflow.models.dagbag.DagBag","filename":"dagbag.py","lineno":593}
{"timestamp":"2025-12-18T10:14:00.210568Z","level":"info","event":"Filling up the DagBag from /opt/airflow/dags/etl_native.py","logger":"airflow.models.dagbag.DagBag","filename":"dagbag.py","lineno":593}
{"timestamp":"2025-12-18T10:14:00.290608Z","level":"info","event":"Filling up the DagBag from /opt/airflow/dags/etl_native.py","logger":"airflow.models.dagbag.DagBag","filename":"dagbag.py","lineno":593}
{"timestamp":"2025-12-18T10:14:00.357528Z","level":"info","event":"Filling up the DagBag from /opt/airflow/dags/etl_native.py","logger":"airflow.models.dagbag.DagBag","filename":"dagbag.py","lineno":593}
{"timestamp":"2025-12-18T10:14:00.420628Z","level":"info","event":"Filling up the DagBag from /opt/airflow/dags/etl_native.py","logger":"airflow.models.dagbag.DagBag","filename":"dagbag.py","lineno":593}
{"timestamp":"2025-12-18T10:14:00.480859Z","level":"info","event":"Filling up the DagBag from /opt/airflow/dags/etl_native.py","logger":"airflow.models.dagbag.DagBag","filename":"dagbag.py","lineno":593}
{"timestamp":"2025-12-18T10:14:01.089807Z","level":"info","event":"Filling up the DagBag from /opt/airflow/dags/etl_native.py","logger":"airflow.models.dagbag.DagBag","filename":"dagbag.py","lineno":593}
{"timestamp":"2025-12-18T10:14:01.178928Z","level":"info","event":"Filling up the DagBag from /opt/airflow/dags/etl_native.py","logger":"airflow.models.dagbag.DagBag","filename":"dagbag.py","lineno":593}
{"timestamp":"2025-12-18T10:14:01.247802Z","level":"info","event":"Filling up the DagBag from /opt/airflow/dags/etl_native.py","logger":"airflow.models.dagbag.DagBag","filename":"dagbag.py","lineno":593}
{"timestamp":"2025-12-18T10:14:01.338462Z","level":"info","event":"Filling up the DagBag from /opt/airflow/dags/etl_native.py","logger":"airflow.models.dagbag.DagBag","filename":"dagbag.py","lineno":593}
{"timestamp":"2025-12-18T10:14:01.442660Z","level":"info","event":"Filling up the DagBag from /opt/airflow/dags/etl_native.py","logger":"airflow.models.dagbag.DagBag","filename":"dagbag.py","lineno":593}
{"timestamp":"2025-12-18T10:14:02.016935Z","level":"info","event":"Filling up the DagBag from /opt/airflow/dags/etl_native.py","logger":"airflow.models.dagbag.DagBag","filename":"dagbag.py","lineno":593}
{"timestamp":"2025-12-18T10:14:02.099723Z","level":"info","event":"Filling up the DagBag from /opt/airflow/dags/etl_native.py","logger":"airflow.models.dagbag.DagBag","filename":"dagbag.py","lineno":593}
{"timestamp":"2025-12-18T10:14:02.172042Z","level":"info","event":"Filling up the DagBag from /opt/airflow/dags/etl_native.py","logger":"airflow.models.dagbag.DagBag","filename":"dagbag.py","lineno":593}
{"timestamp":"2025-12-18T10:14:02.242215Z","level":"info","event":"Filling up the DagBag from /opt/airflow/dags/etl_native.py","logger":"airflow.models.dagbag.DagBag","filename":"dagbag.py","lineno":593}
{"timestamp":"2025-12-18T10:14:21.501342Z","level":"info","event":"Filling up the DagBag from /opt/airflow/dags/etl_native.py","logger":"airflow.models.dagbag.DagBag","filename":"dagbag.py","lineno":593}
{"timestamp":"2025-12-18T10:14:21.579232Z","level":"info","event":"Filling up the DagBag from /opt/airflow/dags/etl_native.py","logger":"airflow.models.dagbag.DagBag","filename":"dagbag.py","lineno":593}
{"timestamp":"2025-12-18T10:14:21.646492Z","level":"info","event":"Filling up the DagBag from /opt/airflow/dags/etl_native.py","logger":"airflow.models.dagbag.DagBag","filename":"dagbag.py","lineno":593}
{"timestamp":"2025-12-18T10:14:21.716845Z","level":"info","event":"Filling up the DagBag from /opt/airflow/dags/etl_native.py","logger":"airflow.models.dagbag.DagBag","filename":"dagbag.py","lineno":593}
{"timestamp":"2025-12-18T10:14:21.777548Z","level":"info","event":"Filling up the DagBag from /opt/airflow/dags/etl_native.py","logger":"airflow.models.dagbag.DagBag","filename":"dagbag.py","lineno":593}
{"timestamp":"2025-12-18T10:14:21.836457Z","level":"info","event":"Filling up the DagBag from /opt/airflow/dags/etl_native.py","logger":"airflow.models.dagbag.DagBag","filename":"dagbag.py","lineno":593}
{"timestamp":"2025-12-18T10:14:21.903532Z","level":"info","event":"Filling up the DagBag from /opt/airflow/dags/etl_native.py","logger":"airflow.models.dagbag.DagBag","filename":"dagbag.py","lineno":593}
{"timestamp":"2025-12-18T10:14:21.978856Z","level":"info","event":"Filling up the DagBag from /opt/airflow/dags/etl_native.py","logger":"airflow.models.dagbag.DagBag","filename":"dagbag.py","lineno":593}
{"timestamp":"2025-12-18T10:14:22.050629Z","level":"info","event":"Filling up the DagBag from /opt/airflow/dags/etl_native.py","logger":"airflow.models.dagbag.DagBag","filename":"dagbag.py","lineno":593}
{"timestamp":"2025-12-18T10:14:22.111626Z","level":"info","event":"Filling up the DagBag from /opt/airflow/dags/etl_native.py","logger":"airflow.models.dagbag.DagBag","filename":"dagbag.py","lineno":593}
{"timestamp":"2025-12-18T10:14:22.292689Z","level":"info","event":"Filling up the DagBag from /opt/airflow/dags/etl_native.py","logger":"airflow.models.dagbag.DagBag","filename":"dagbag.py","lineno":593}
{"timestamp":"2025-12-18T10:14:24.875350Z","level":"info","event":"Filling up the DagBag from /opt/airflow/dags/etl_native.py","logger":"airflow.models.dagbag.DagBag","filename":"dagbag.py","lineno":593}
{"timestamp":"2025-12-18T10:14:24.982501Z","level":"info","event":"Filling up the DagBag from /opt/airflow/dags/etl_native.py","logger":"airflow.models.dagbag.DagBag","filename":"dagbag.py","lineno":593}
{"timestamp":"2025-12-18T10:14:25.084188Z","level":"info","event":"Filling up the DagBag from /opt/airflow/dags/etl_native.py","logger":"airflow.models.dagbag.DagBag","filename":"dagbag.py","lineno":593}
{"timestamp":"2025-12-18T10:14:25.171758Z","level":"info","event":"Filling up the DagBag from /opt/airflow/dags/etl_native.py","logger":"airflow.models.dagbag.DagBag","filename":"dagbag.py","lineno":593}
{"timestamp":"2025-12-18T10:14:25.250630Z","level":"info","event":"Filling up the DagBag from /opt/airflow/dags/etl_native.py","logger":"airflow.models.dagbag.DagBag","filename":"dagbag.py","lineno":593}
{"timestamp":"2025-12-18T10:14:25.332323Z","level":"info","event":"Filling up the DagBag from /opt/airflow/dags/etl_native.py","logger":"airflow.models.dagbag.DagBag","filename":"dagbag.py","lineno":593}
{"timestamp":"2025-12-18T10:14:25.428305Z","level":"info","event":"Filling up the DagBag from /opt/airflow/dags/etl_native.py","logger":"airflow.models.dagbag.DagBag","filename":"dagbag.py","lineno":593}
{"timestamp":"2025-12-18T10:14:25.522452Z","level":"info","event":"Filling up the DagBag from /opt/airflow/dags/etl_native.py","logger":"airflow.models.dagbag.DagBag","filename":"dagbag.py","lineno":593}
{"timestamp":"2025-12-18T10:14:25.621286Z","level":"info","event":"Filling up the DagBag from /opt/airflow/dags/etl_native.py","logger":"airflow.models.dagbag.DagBag","filename":"dagbag.py","lineno":593}
{"timestamp":"2025-12-18T10:14:25.971672Z","level":"info","event":"Filling up the DagBag from /opt/airflow/dags/etl_native.py","logger":"airflow.models.dagbag.DagBag","filename":"dagbag.py","lineno":593}
{"timestamp":"2025-12-18T10:14:26.088022Z","level":"info","event":"Filling up the DagBag from /opt/airflow/dags/etl_native.py","logger":"airflow.models.dagbag.DagBag","filename":"dagbag.py","lineno":593}
{"timestamp":"2025-12-18T10:14:26.207189Z","level":"info","event":"Filling up the DagBag from /opt/airflow/dags/etl_native.py","logger":"airflow.models.dagbag.DagBag","filename":"dagbag.py","lineno":593}
{"timestamp":"2025-12-18T10:14:26.324390Z","level":"info","event":"Filling up the DagBag from /opt/airflow/dags/etl_native.py","logger":"airflow.models.dagbag.DagBag","filename":"dagbag.py","lineno":593}
{"timestamp":"2025-12-18T10:14:26.448440Z","level":"info","event":"Filling up the DagBag from /opt/airflow/dags/etl_native.py","logger":"airflow.models.dagbag.DagBag","filename":"dagbag.py","lineno":593}
{"timestamp":"2025-12-18T10:14:26.546188Z","level":"info","event":"Filling up the DagBag from /opt/airflow/dags/etl_native.py","logger":"airflow.models.dagbag.DagBag","filename":"dagbag.py","lineno":593}
{"timestamp":"2025-12-18T10:14:26.670741Z","level":"info","event":"Filling up the DagBag from /opt/airflow/dags/etl_native.py","logger":"airflow.models.dagbag.DagBag","filename":"dagbag.py","lineno":593}
{"timestamp":"2025-12-18T10:14:26.767604Z","level":"info","event":"Filling up the DagBag from /opt/airflow/dags/etl_native.py","logger":"airflow.models.dagbag.DagBag","filename":"dagbag.py","lineno":593}
{"timestamp":"2025-12-18T10:14:26.860306Z","level":"info","event":"Filling up the DagBag from /opt/airflow/dags/etl_native.py","logger":"airflow.models.dagbag.DagBag","filename":"dagbag.py","lineno":593}
{"timestamp":"2025-12-18T10:14:26.962174Z","level":"info","event":"Filling up the DagBag from /opt/airflow/dags/etl_native.py","logger":"airflow.models.dagbag.DagBag","filename":"dagbag.py","lineno":593}
{"timestamp":"2025-12-18T10:14:27.065005Z","level":"info","event":"Filling up the DagBag from /opt/airflow/dags/etl_native.py","logger":"airflow.models.dagbag.DagBag","filename":"dagbag.py","lineno":593}
{"timestamp":"2025-12-18T10:14:27.334825Z","level":"info","event":"Filling up the DagBag from /opt/airflow/dags/etl_native.py","logger":"airflow.models.dagbag.DagBag","filename":"dagbag.py","lineno":593}
{"timestamp":"2025-12-18T10:14:27.420763Z","level":"info","event":"Filling up the DagBag from /opt/airflow/dags/etl_native.py","logger":"airflow.models.dagbag.DagBag","filename":"dagbag.py","lineno":593}
{"timestamp":"2025-12-18T10:14:27.513178Z","level":"info","event":"Filling up the DagBag from /opt/airflow/dags/etl_native.py","logger":"airflow.models.dagbag.DagBag","filename":"dagbag.py","lineno":593}
{"timestamp":"2025-12-18T10:14:27.603359Z","level":"info","event":"Filling up the DagBag from /opt/airflow/dags/etl_native.py","logger":"airflow.models.dagbag.DagBag","filename":"dagbag.py","lineno":593}
{"timestamp":"2025-12-18T10:14:27.681263Z","level":"info","event":"Filling up the DagBag from /opt/airflow/dags/etl_native.py","logger":"airflow.models.dagbag.DagBag","filename":"dagbag.py","lineno":593}
{"timestamp":"2025-12-18T10:14:27.755787Z","level":"info","event":"Filling up the DagBag from /opt/airflow/dags/etl_native.py","logger":"airflow.models.dagbag.DagBag","filename":"dagbag.py","lineno":593}
{"timestamp":"2025-12-18T10:14:27.839370Z","level":"info","event":"Filling up the DagBag from /opt/airflow/dags/etl_native.py","logger":"airflow.models.dagbag.DagBag","filename":"dagbag.py","lineno":593}
{"timestamp":"2025-12-18T10:14:27.928106Z","level":"info","event":"Filling up the DagBag from /opt/airflow/dags/etl_native.py","logger":"airflow.models.dagbag.DagBag","filename":"dagbag.py","lineno":593}
{"timestamp":"2025-12-18T10:14:28.012618Z","level":"info","event":"Filling up the DagBag from /opt/airflow/dags/etl_native.py","logger":"airflow.models.dagbag.DagBag","filename":"dagbag.py","lineno":593}
{"timestamp":"2025-12-18T10:14:28.573497Z","level":"info","event":"Filling up the DagBag from /opt/airflow/dags/etl_native.py","logger":"airflow.models.dagbag.DagBag","filename":"dagbag.py","lineno":593}
{"timestamp":"2025-12-18T10:14:28.654655Z","level":"info","event":"Filling up the DagBag from /opt/airflow/dags/etl_native.py","logger":"airflow.models.dagbag.DagBag","filename":"dagbag.py","lineno":593}
{"timestamp":"2025-12-18T10:14:28.738759Z","level":"info","event":"Filling up the DagBag from /opt/airflow/dags/etl_native.py","logger":"airflow.models.dagbag.DagBag","filename":"dagbag.py","lineno":593}
{"timestamp":"2025-12-18T10:14:28.818250Z","level":"info","event":"Filling up the DagBag from /opt/airflow/dags/etl_native.py","logger":"airflow.models.dagbag.DagBag","filename":"dagbag.py","lineno":593}
{"timestamp":"2025-12-18T10:14:28.898964Z","level":"info","event":"Filling up the DagBag from /opt/airflow/dags/etl_native.py","logger":"airflow.models.dagbag.DagBag","filename":"dagbag.py","lineno":593}
{"timestamp":"2025-12-18T10:14:28.980343Z","level":"info","event":"Filling up the DagBag from /opt/airflow/dags/etl_native.py","logger":"airflow.models.dagbag.DagBag","filename":"dagbag.py","lineno":593}
{"timestamp":"2025-12-18T10:14:29.065802Z","level":"info","event":"Filling up the DagBag from /opt/airflow/dags/etl_native.py","logger":"airflow.models.dagbag.DagBag","filename":"dagbag.py","lineno":593}
{"timestamp":"2025-12-18T10:14:30.238361Z","level":"info","event":"Filling up the DagBag from /opt/airflow/dags/etl_native.py","logger":"airflow.models.dagbag.DagBag","filename":"dagbag.py","lineno":593}
{"timestamp":"2025-12-18T10:14:30.329453Z","level":"info","event":"Filling up the DagBag from /opt/airflow/dags/etl_native.py","logger":"airflow.models.dagbag.DagBag","filename":"dagbag.py","lineno":593}
{"timestamp":"2025-12-18T10:14:30.412477Z","level":"info","event":"Filling up the DagBag from /opt/airflow/dags/etl_native.py","logger":"airflow.models.dagbag.DagBag","filename":"dagbag.py","lineno":593}
{"timestamp":"2025-12-18T10:14:30.487045Z","level":"info","event":"Filling up the DagBag from /opt/airflow/dags/etl_native.py","logger":"airflow.models.dagbag.DagBag","filename":"dagbag.py","lineno":593}
{"timestamp":"2025-12-18T10:14:30.562041Z","level":"info","event":"Filling up the DagBag from /opt/airflow/dags/etl_native.py","logger":"airflow.models.dagbag.DagBag","filename":"dagbag.py","lineno":593}
{"timestamp":"2025-12-18T10:14:31.827984Z","level":"info","event":"Filling up the DagBag from /opt/airflow/dags/etl_native.py","logger":"airflow.models.dagbag.DagBag","filename":"dagbag.py","lineno":593}
{"timestamp":"2025-12-18T10:14:31.915913Z","level":"info","event":"Filling up the DagBag from /opt/airflow/dags/etl_native.py","logger":"airflow.models.dagbag.DagBag","filename":"dagbag.py","lineno":593}
{"timestamp":"2025-12-18T10:14:31.991981Z","level":"info","event":"Filling up the DagBag from /opt/airflow/dags/etl_native.py","logger":"airflow.models.dagbag.DagBag","filename":"dagbag.py","lineno":593}
{"timestamp":"2025-12-18T10:14:32.067284Z","level":"info","event":"Filling up the DagBag from /opt/airflow/dags/etl_native.py","logger":"airflow.models.dagbag.DagBag","filename":"dagbag.py","lineno":593}
{"timestamp":"2025-12-18T10:14:32.167200Z","level":"info","event":"Filling up the DagBag from /opt/airflow/dags/etl_native.py","logger":"airflow.models.dagbag.DagBag","filename":"dagbag.py","lineno":593}
{"timestamp":"2025-12-18T10:14:32.248866Z","level":"info","event":"Filling up the DagBag from /opt/airflow/dags/etl_native.py","logger":"airflow.models.dagbag.DagBag","filename":"dagbag.py","lineno":593}
{"timestamp":"2025-12-18T10:14:32.334635Z","level":"info","event":"Filling up the DagBag from /opt/airflow/dags/etl_native.py","logger":"airflow.models.dagbag.DagBag","filename":"dagbag.py","lineno":593}
{"timestamp":"2025-12-18T10:14:33.332732Z","level":"info","event":"Filling up the DagBag from /opt/airflow/dags/etl_native.py","logger":"airflow.models.dagbag.DagBag","filename":"dagbag.py","lineno":593}
{"timestamp":"2025-12-18T10:14:33.416331Z","level":"info","event":"Filling up the DagBag from /opt/airflow/dags/etl_native.py","logger":"airflow.models.dagbag.DagBag","filename":"dagbag.py","lineno":593}
{"timestamp":"2025-12-18T10:14:33.503397Z","level":"info","event":"Filling up the DagBag from /opt/airflow/dags/etl_native.py","logger":"airflow.models.dagbag.DagBag","filename":"dagbag.py","lineno":593}
{"timestamp":"2025-12-18T10:14:33.621747Z","level":"info","event":"Filling up the DagBag from /opt/airflow/dags/etl_native.py","logger":"airflow.models.dagbag.DagBag","filename":"dagbag.py","lineno":593}
{"timestamp":"2025-12-18T10:14:33.730883Z","level":"info","event":"Filling up the DagBag from /opt/airflow/dags/etl_native.py","logger":"airflow.models.dagbag.DagBag","filename":"dagbag.py","lineno":593}
{"timestamp":"2025-12-18T10:14:33.795896Z","level":"info","event":"Filling up the DagBag from /opt/airflow/dags/etl_native.py","logger":"airflow.models.dagbag.DagBag","filename":"dagbag.py","lineno":593}
{"timestamp":"2025-12-18T10:14:33.869125Z","level":"info","event":"Filling up the DagBag from /opt/airflow/dags/etl_native.py","logger":"airflow.models.dagbag.DagBag","filename":"dagbag.py","lineno":593}
{"timestamp":"2025-12-18T10:14:58.309059Z","level":"info","event":"Filling up the DagBag from /opt/airflow/dags/etl_native.py","logger":"airflow.models.dagbag.DagBag","filename":"dagbag.py","lineno":593}
{"timestamp":"2025-12-18T10:14:58.385409Z","level":"info","event":"Filling up the DagBag from /opt/airflow/dags/etl_native.py","logger":"airflow.models.dagbag.DagBag","filename":"dagbag.py","lineno":593}
{"timestamp":"2025-12-18T10:14:58.450775Z","level":"info","event":"Filling up the DagBag from /opt/airflow/dags/etl_native.py","logger":"airflow.models.dagbag.DagBag","filename":"dagbag.py","lineno":593}
{"timestamp":"2025-12-18T10:14:58.519943Z","level":"info","event":"Filling up the DagBag from /opt/airflow/dags/etl_native.py","logger":"airflow.models.dagbag.DagBag","filename":"dagbag.py","lineno":593}
{"timestamp":"2025-12-18T10:14:58.596091Z","level":"info","event":"Filling up the DagBag from /opt/airflow/dags/etl_native.py","logger":"airflow.models.dagbag.DagBag","filename":"dagbag.py","lineno":593}
{"timestamp":"2025-12-18T10:14:58.660193Z","level":"info","event":"Filling up the DagBag from /opt/airflow/dags/etl_native.py","logger":"airflow.models.dagbag.DagBag","filename":"dagbag.py","lineno":593}
{"timestamp":"2025-12-18T10:14:58.746806Z","level":"info","event":"Filling up the DagBag from /opt/airflow/dags/etl_native.py","logger":"airflow.models.dagbag.DagBag","filename":"dagbag.py","lineno":593}
{"timestamp":"2025-12-18T10:14:58.809209Z","level":"info","event":"Filling up the DagBag from /opt/airflow/dags/etl_native.py","logger":"airflow.models.dagbag.DagBag","filename":"dagbag.py","lineno":593}
{"timestamp":"2025-12-18T10:14:58.873273Z","level":"info","event":"Filling up the DagBag from /opt/airflow/dags/etl_native.py","logger":"airflow.models.dagbag.DagBag","filename":"dagbag.py","lineno":593}
{"timestamp":"2025-12-18T10:14:58.943743Z","level":"info","event":"Filling up the DagBag from /opt/airflow/dags/etl_native.py","logger":"airflow.models.dagbag.DagBag","filename":"dagbag.py","lineno":593}
{"timestamp":"2025-12-18T10:14:59.179029Z","level":"info","event":"Filling up the DagBag from /opt/airflow/dags/etl_native.py","logger":"airflow.models.dagbag.DagBag","filename":"dagbag.py","lineno":593}
{"timestamp":"2025-12-18T10:14:59.248463Z","level":"info","event":"Filling up the DagBag from /opt/airflow/dags/etl_native.py","logger":"airflow.models.dagbag.DagBag","filename":"dagbag.py","lineno":593}
{"timestamp":"2025-12-18T10:14:59.312258Z","level":"info","event":"Filling up the DagBag from /opt/airflow/dags/etl_native.py","logger":"airflow.models.dagbag.DagBag","filename":"dagbag.py","lineno":593}
{"timestamp":"2025-12-18T10:14:59.371971Z","level":"info","event":"Filling up the DagBag from /opt/airflow/dags/etl_native.py","logger":"airflow.models.dagbag.DagBag","filename":"dagbag.py","lineno":593}
{"timestamp":"2025-12-18T10:14:59.437130Z","level":"info","event":"Filling up the DagBag from /opt/airflow/dags/etl_native.py","logger":"airflow.models.dagbag.DagBag","filename":"dagbag.py","lineno":593}
{"timestamp":"2025-12-18T10:14:59.496988Z","level":"info","event":"Filling up the DagBag from /opt/airflow/dags/etl_native.py","logger":"airflow.models.dagbag.DagBag","filename":"dagbag.py","lineno":593}
{"timestamp":"2025-12-18T10:14:59.557468Z","level":"info","event":"Filling up the DagBag from /opt/airflow/dags/etl_native.py","logger":"airflow.models.dagbag.DagBag","filename":"dagbag.py","lineno":593}
{"timestamp":"2025-12-18T10:14:59.837893Z","level":"info","event":"Filling up the DagBag from /opt/airflow/dags/etl_native.py","logger":"airflow.models.dagbag.DagBag","filename":"dagbag.py","lineno":593}
{"timestamp":"2025-12-18T10:14:59.916024Z","level":"info","event":"Filling up the DagBag from /opt/airflow/dags/etl_native.py","logger":"airflow.models.dagbag.DagBag","filename":"dagbag.py","lineno":593}
{"timestamp":"2025-12-18T10:14:59.976319Z","level":"info","event":"Filling up the DagBag from /opt/airflow/dags/etl_native.py","logger":"airflow.models.dagbag.DagBag","filename":"dagbag.py","lineno":593}
{"timestamp":"2025-12-18T10:15:00.041857Z","level":"info","event":"Filling up the DagBag from /opt/airflow/dags/etl_native.py","logger":"airflow.models.dagbag.DagBag","filename":"dagbag.py","lineno":593}
{"timestamp":"2025-12-18T10:15:00.107965Z","level":"info","event":"Filling up the DagBag from /opt/airflow/dags/etl_native.py","logger":"airflow.models.dagbag.DagBag","filename":"dagbag.py","lineno":593}
{"timestamp":"2025-12-18T10:15:00.165390Z","level":"info","event":"Filling up the DagBag from /opt/airflow/dags/etl_native.py","logger":"airflow.models.dagbag.DagBag","filename":"dagbag.py","lineno":593}
{"timestamp":"2025-12-18T10:15:00.681713Z","level":"info","event":"Filling up the DagBag from /opt/airflow/dags/etl_native.py","logger":"airflow.models.dagbag.DagBag","filename":"dagbag.py","lineno":593}
{"timestamp":"2025-12-18T10:15:00.749618Z","level":"info","event":"Filling up the DagBag from /opt/airflow/dags/etl_native.py","logger":"airflow.models.dagbag.DagBag","filename":"dagbag.py","lineno":593}
{"timestamp":"2025-12-18T10:15:00.836434Z","level":"info","event":"Filling up the DagBag from /opt/airflow/dags/etl_native.py","logger":"airflow.models.dagbag.DagBag","filename":"dagbag.py","lineno":593}
{"timestamp":"2025-12-18T10:15:00.910623Z","level":"info","event":"Filling up the DagBag from /opt/airflow/dags/etl_native.py","logger":"airflow.models.dagbag.DagBag","filename":"dagbag.py","lineno":593}
{"timestamp":"2025-12-18T10:15:00.983941Z","level":"info","event":"Filling up the DagBag from /opt/airflow/dags/etl_native.py","logger":"airflow.models.dagbag.DagBag","filename":"dagbag.py","lineno":593}
{"timestamp":"2025-12-18T10:15:01.068147Z","level":"info","event":"Filling up the DagBag from /opt/airflow/dags/etl_native.py","logger":"airflow.models.dagbag.DagBag","filename":"dagbag.py","lineno":593}
{"timestamp":"2025-12-18T10:15:01.554732Z","level":"info","event":"Filling up the DagBag from /opt/airflow/dags/etl_native.py","logger":"airflow.models.dagbag.DagBag","filename":"dagbag.py","lineno":593}
{"timestamp":"2025-12-18T10:15:01.636799Z","level":"info","event":"Filling up the DagBag from /opt/airflow/dags/etl_native.py","logger":"airflow.models.dagbag.DagBag","filename":"dagbag.py","lineno":593}
{"timestamp":"2025-12-18T10:15:01.734083Z","level":"info","event":"Filling up the DagBag from /opt/airflow/dags/etl_native.py","logger":"airflow.models.dagbag.DagBag","filename":"dagbag.py","lineno":593}
{"timestamp":"2025-12-18T10:15:01.855290Z","level":"info","event":"Filling up the DagBag from /opt/airflow/dags/etl_native.py","logger":"airflow.models.dagbag.DagBag","filename":"dagbag.py","lineno":593}
{"timestamp":"2025-12-18T10:15:01.933290Z","level":"info","event":"Filling up the DagBag from /opt/airflow/dags/etl_native.py","logger":"airflow.models.dagbag.DagBag","filename":"dagbag.py","lineno":593}
{"timestamp":"2025-12-18T10:15:02.018953Z","level":"info","event":"Filling up the DagBag from /opt/airflow/dags/etl_native.py","logger":"airflow.models.dagbag.DagBag","filename":"dagbag.py","lineno":593}
{"timestamp":"2025-12-18T10:15:02.093325Z","level":"info","event":"Filling up the DagBag from /opt/airflow/dags/etl_native.py","logger":"airflow.models.dagbag.DagBag","filename":"dagbag.py","lineno":593}
{"timestamp":"2025-12-18T10:15:02.772628Z","level":"info","event":"Filling up the DagBag from /opt/airflow/dags/etl_native.py","logger":"airflow.models.dagbag.DagBag","filename":"dagbag.py","lineno":593}
{"timestamp":"2025-12-18T10:15:02.871177Z","level":"info","event":"Filling up the DagBag from /opt/airflow/dags/etl_native.py","logger":"airflow.models.dagbag.DagBag","filename":"dagbag.py","lineno":593}
{"timestamp":"2025-12-18T10:15:02.935711Z","level":"info","event":"Filling up the DagBag from /opt/airflow/dags/etl_native.py","logger":"airflow.models.dagbag.DagBag","filename":"dagbag.py","lineno":593}
{"timestamp":"2025-12-18T10:15:03.003556Z","level":"info","event":"Filling up the DagBag from /opt/airflow/dags/etl_native.py","logger":"airflow.models.dagbag.DagBag","filename":"dagbag.py","lineno":593}
{"timestamp":"2025-12-18T10:15:03.074620Z","level":"info","event":"Filling up the DagBag from /opt/airflow/dags/etl_native.py","logger":"airflow.models.dagbag.DagBag","filename":"dagbag.py","lineno":593}
{"timestamp":"2025-12-18T10:15:03.133144Z","level":"info","event":"Filling up the DagBag from /opt/airflow/dags/etl_native.py","logger":"airflow.models.dagbag.DagBag","filename":"dagbag.py","lineno":593}
{"timestamp":"2025-12-18T10:15:03.665533Z","level":"info","event":"Filling up the DagBag from /opt/airflow/dags/etl_native.py","logger":"airflow.models.dagbag.DagBag","filename":"dagbag.py","lineno":593}
{"timestamp":"2025-12-18T10:15:03.735473Z","level":"info","event":"Filling up the DagBag from /opt/airflow/dags/etl_native.py","logger":"airflow.models.dagbag.DagBag","filename":"dagbag.py","lineno":593}
{"timestamp":"2025-12-18T10:15:03.804107Z","level":"info","event":"Filling up the DagBag from /opt/airflow/dags/etl_native.py","logger":"airflow.models.dagbag.DagBag","filename":"dagbag.py","lineno":593}
{"timestamp":"2025-12-18T10:15:03.864681Z","level":"info","event":"Filling up the DagBag from /opt/airflow/dags/etl_native.py","logger":"airflow.models.dagbag.DagBag","filename":"dagbag.py","lineno":593}
{"timestamp":"2025-12-18T10:15:03.938085Z","level":"info","event":"Filling up the DagBag from /opt/airflow/dags/etl_native.py","logger":"airflow.models.dagbag.DagBag","filename":"dagbag.py","lineno":593}
{"timestamp":"2025-12-18T10:15:04.012505Z","level":"info","event":"Filling up the DagBag from /opt/airflow/dags/etl_native.py","logger":"airflow.models.dagbag.DagBag","filename":"dagbag.py","lineno":593}
{"timestamp":"2025-12-18T10:15:04.690533Z","level":"info","event":"Filling up the DagBag from /opt/airflow/dags/etl_native.py","logger":"airflow.models.dagbag.DagBag","filename":"dagbag.py","lineno":593}
{"timestamp":"2025-12-18T10:15:04.770694Z","level":"info","event":"Filling up the DagBag from /opt/airflow/dags/etl_native.py","logger":"airflow.models.dagbag.DagBag","filename":"dagbag.py","lineno":593}
{"timestamp":"2025-12-18T10:15:04.856059Z","level":"info","event":"Filling up the DagBag from /opt/airflow/dags/etl_native.py","logger":"airflow.models.dagbag.DagBag","filename":"dagbag.py","lineno":593}
{"timestamp":"2025-12-18T10:15:04.920618Z","level":"info","event":"Filling up the DagBag from /opt/airflow/dags/etl_native.py","logger":"airflow.models.dagbag.DagBag","filename":"dagbag.py","lineno":593}
{"timestamp":"2025-12-18T10:15:04.984854Z","level":"info","event":"Filling up the DagBag from /opt/airflow/dags/etl_native.py","logger":"airflow.models.dagbag.DagBag","filename":"dagbag.py","lineno":593}
{"timestamp":"2025-12-18T10:15:05.048926Z","level":"info","event":"Filling up the DagBag from /opt/airflow/dags/etl_native.py","logger":"airflow.models.dagbag.DagBag","filename":"dagbag.py","lineno":593}
{"timestamp":"2025-12-18T10:15:05.113990Z","level":"info","event":"Filling up the DagBag from /opt/airflow/dags/etl_native.py","logger":"airflow.models.dagbag.DagBag","filename":"dagbag.py","lineno":593}
{"timestamp":"2025-12-18T10:15:05.175485Z","level":"info","event":"Filling up the DagBag from /opt/airflow/dags/etl_native.py","logger":"airflow.models.dagbag.DagBag","filename":"dagbag.py","lineno":593}
